{
  "RSpec": {
    "coverage": {
      "/home/kipsu/Coding/tunnit/app/controllers/application_controller.rb": [
        1,
        1,
        1,
        null,
        1,
        null,
        1,
        null,
        null,
        516,
        462,
        null,
        null,
        1,
        138,
        null,
        null
      ],
      "/home/kipsu/Coding/tunnit/app/helpers/application_helper.rb": [
        1,
        null
      ],
      "/home/kipsu/Coding/tunnit/app/helpers/events_helper.rb": [
        1,
        null
      ],
      "/home/kipsu/Coding/tunnit/app/helpers/projects_helper.rb": [
        1,
        null
      ],
      "/home/kipsu/Coding/tunnit/app/helpers/teams_helper.rb": [
        1,
        null
      ],
      "/home/kipsu/Coding/tunnit/app/helpers/users_helper.rb": [
        1,
        null
      ],
      "/home/kipsu/Coding/tunnit/app/controllers/concerns/form_helper.rb": [
        1,
        1,
        24,
        12,
        null,
        null
      ],
      "/home/kipsu/Coding/tunnit/app/controllers/concerns/date_helper.rb": [
        1,
        1,
        5,
        5,
        5,
        14,
        6,
        null,
        1,
        1,
        null,
        2,
        1,
        1,
        null,
        1,
        1,
        1,
        null,
        null,
        3,
        null,
        2,
        2,
        2,
        null,
        null,
        5,
        5,
        null,
        null
      ],
      "/home/kipsu/Coding/tunnit/app/controllers/events_controller.rb": [
        1,
        1,
        1,
        1,
        1,
        null,
        null,
        null,
        1,
        6,
        null,
        null,
        null,
        null,
        1,
        null,
        null,
        null,
        1,
        9,
        null,
        null,
        null,
        1,
        null,
        null,
        null,
        null,
        1,
        7,
        7,
        null,
        2,
        null,
        5,
        5,
        5,
        null,
        5,
        5,
        8,
        4,
        null,
        1,
        null,
        null,
        null,
        null,
        null,
        null,
        1,
        2,
        2,
        2,
        1,
        null,
        1,
        null,
        null,
        null,
        null,
        null,
        null,
        1,
        2,
        2,
        4,
        2,
        null,
        null,
        null,
        1,
        null,
        1,
        13,
        null,
        null,
        null,
        1,
        2,
        null,
        null,
        1,
        27,
        null,
        null
      ],
      "/home/kipsu/Coding/tunnit/app/controllers/projects_controller.rb": [
        1,
        1,
        1,
        1,
        null,
        null,
        1,
        4,
        null,
        null,
        null,
        1,
        null,
        null,
        null,
        null,
        1,
        4,
        null,
        4,
        4,
        2,
        4,
        2,
        null,
        2,
        null,
        null,
        null,
        null,
        null,
        null,
        1,
        2,
        2,
        1,
        2,
        1,
        null,
        1,
        null,
        null,
        null,
        null,
        null,
        null,
        1,
        3,
        3,
        6,
        3,
        null,
        null,
        null,
        1,
        null,
        1,
        14,
        null,
        null,
        null,
        1,
        6,
        null,
        null,
        1,
        12,
        null,
        null
      ],
      "/home/kipsu/Coding/tunnit/app/controllers/sessions_controller.rb": [
        1,
        1,
        null,
        null,
        1,
        42,
        42,
        41,
        41,
        null,
        1,
        null,
        null,
        null,
        1,
        1,
        1,
        null,
        null
      ],
      "/home/kipsu/Coding/tunnit/app/controllers/team_requests_controller.rb": [
        1,
        1,
        null,
        null,
        1,
        0,
        null,
        null,
        null,
        null,
        1,
        0,
        null,
        0,
        0,
        0,
        0,
        null,
        0,
        null,
        null,
        null,
        null,
        1,
        1,
        0,
        null,
        null,
        1,
        0,
        null,
        null
      ],
      "/home/kipsu/Coding/tunnit/app/controllers/teams_controller.rb": [
        1,
        1,
        1,
        null,
        null,
        null,
        1,
        7,
        null,
        null,
        null,
        null,
        1,
        null,
        null,
        null,
        1,
        4,
        null,
        null,
        null,
        1,
        null,
        null,
        null,
        null,
        1,
        4,
        null,
        4,
        4,
        2,
        2,
        null,
        2,
        null,
        null,
        null,
        null,
        null,
        null,
        1,
        2,
        2,
        1,
        null,
        1,
        null,
        null,
        null,
        null,
        null,
        null,
        1,
        3,
        3,
        6,
        3,
        null,
        null,
        null,
        1,
        null,
        1,
        14,
        null,
        null,
        null,
        1,
        6,
        null,
        null,
        1,
        6,
        3,
        null,
        null
      ],
      "/home/kipsu/Coding/tunnit/app/controllers/users_controller.rb": [
        1,
        1,
        1,
        null,
        null,
        null,
        1,
        null,
        null,
        null,
        1,
        5,
        null,
        null,
        null,
        1,
        null,
        null,
        null,
        null,
        1,
        5,
        null,
        5,
        5,
        2,
        2,
        2,
        4,
        2,
        null,
        3,
        null,
        null,
        null,
        null,
        null,
        null,
        1,
        2,
        2,
        2,
        1,
        null,
        1,
        null,
        null,
        null,
        null,
        null,
        null,
        1,
        2,
        2,
        4,
        2,
        null,
        null,
        null,
        1,
        null,
        1,
        52,
        null,
        null,
        null,
        1,
        7,
        null,
        null
      ],
      "/home/kipsu/Coding/tunnit/app/models/event.rb": [
        1,
        1,
        null,
        1,
        1,
        1,
        null
      ],
      "/home/kipsu/Coding/tunnit/app/models/project.rb": [
        1,
        1,
        1,
        1,
        null,
        1,
        1,
        null
      ],
      "/home/kipsu/Coding/tunnit/app/models/team.rb": [
        1,
        1,
        36,
        1,
        1,
        null,
        1,
        null
      ],
      "/home/kipsu/Coding/tunnit/app/models/team_request.rb": [
        1,
        1,
        1,
        1,
        null,
        1,
        1,
        null,
        1,
        0,
        0,
        0,
        null,
        null
      ],
      "/home/kipsu/Coding/tunnit/app/validators/no_overlapping_requests.rb": [
        1,
        1,
        0,
        0,
        0,
        0,
        0,
        null,
        null,
        0,
        0,
        null,
        null,
        0,
        0,
        null,
        null,
        null
      ],
      "/home/kipsu/Coding/tunnit/app/models/user.rb": [
        1,
        1,
        411,
        146,
        20,
        1,
        1,
        null,
        1,
        null,
        1,
        null,
        null,
        1,
        1,
        null,
        1,
        7,
        null,
        null
      ],
      "/home/kipsu/Coding/tunnit/app/models/user_team.rb": [
        1,
        1,
        1,
        null
      ]
    },
    "timestamp": 1427983708
  }
}
