{
  "RSpec": {
    "coverage": {
      "/home/kipsu/Coding/tunnit/app/controllers/application_controller.rb": [
        1,
        1,
        1,
        null,
        1,
        null,
        1,
        null,
        null,
        754,
        685,
        null,
        null,
        1,
        181,
        null,
        null
      ],
      "/home/kipsu/Coding/tunnit/app/helpers/application_helper.rb": [
        1,
        null
      ],
      "/home/kipsu/Coding/tunnit/app/helpers/events_helper.rb": [
        1,
        null
      ],
      "/home/kipsu/Coding/tunnit/app/helpers/projects_helper.rb": [
        1,
        null
      ],
      "/home/kipsu/Coding/tunnit/app/helpers/teams_helper.rb": [
        1,
        null
      ],
      "/home/kipsu/Coding/tunnit/app/helpers/users_helper.rb": [
        1,
        null
      ],
      "/home/kipsu/Coding/tunnit/app/controllers/concerns/form_helper.rb": [
        1,
        1,
        26,
        13,
        null,
        null
      ],
      "/home/kipsu/Coding/tunnit/app/controllers/concerns/date_helper.rb": [
        1,
        1,
        5,
        5,
        5,
        14,
        6,
        null,
        1,
        1,
        null,
        2,
        1,
        1,
        null,
        1,
        1,
        1,
        null,
        null,
        3,
        null,
        2,
        2,
        2,
        null,
        null,
        5,
        5,
        null,
        null
      ],
      "/home/kipsu/Coding/tunnit/app/controllers/events_controller.rb": [
        1,
        1,
        1,
        1,
        1,
        null,
        null,
        null,
        1,
        6,
        null,
        null,
        null,
        null,
        1,
        null,
        null,
        null,
        1,
        9,
        null,
        null,
        null,
        1,
        null,
        null,
        null,
        null,
        1,
        7,
        7,
        null,
        2,
        null,
        5,
        null,
        5,
        null,
        5,
        5,
        4,
        null,
        1,
        null,
        null,
        null,
        null,
        null,
        null,
        1,
        2,
        2,
        1,
        null,
        1,
        null,
        null,
        null,
        null,
        null,
        null,
        1,
        2,
        2,
        4,
        2,
        null,
        null,
        null,
        1,
        null,
        1,
        13,
        null,
        null,
        null,
        1,
        2,
        null,
        null,
        1,
        27,
        null,
        null,
        1,
        10,
        5,
        null,
        null
      ],
      "/home/kipsu/Coding/tunnit/app/controllers/projects_controller.rb": [
        1,
        1,
        1,
        1,
        null,
        null,
        1,
        4,
        null,
        null,
        null,
        1,
        null,
        null,
        null,
        null,
        1,
        4,
        null,
        4,
        4,
        2,
        4,
        2,
        null,
        2,
        null,
        null,
        null,
        null,
        null,
        null,
        1,
        2,
        2,
        1,
        2,
        1,
        null,
        1,
        null,
        null,
        null,
        null,
        null,
        null,
        1,
        3,
        3,
        6,
        3,
        null,
        null,
        null,
        1,
        null,
        1,
        14,
        null,
        null,
        null,
        1,
        6,
        null,
        null,
        1,
        12,
        null,
        null
      ],
      "/home/kipsu/Coding/tunnit/app/controllers/sessions_controller.rb": [
        1,
        1,
        null,
        null,
        1,
        57,
        57,
        56,
        56,
        null,
        1,
        null,
        null,
        null,
        1,
        1,
        1,
        null,
        null
      ],
      "/home/kipsu/Coding/tunnit/app/controllers/team_requests_controller.rb": [
        1,
        1,
        null,
        null,
        1,
        2,
        null,
        null,
        null,
        1,
        2,
        2,
        2,
        null,
        null,
        null,
        1,
        2,
        2,
        2,
        null,
        null,
        null,
        null,
        1,
        2,
        null,
        2,
        2,
        2,
        1,
        null,
        1,
        null,
        null,
        null,
        null,
        1,
        1,
        4,
        null,
        null,
        1,
        2,
        null,
        null
      ],
      "/home/kipsu/Coding/tunnit/app/controllers/teams_controller.rb": [
        1,
        1,
        1,
        null,
        null,
        null,
        1,
        11,
        null,
        null,
        null,
        null,
        1,
        null,
        null,
        null,
        1,
        4,
        null,
        null,
        null,
        1,
        null,
        null,
        null,
        null,
        1,
        4,
        null,
        4,
        4,
        2,
        2,
        null,
        2,
        null,
        null,
        null,
        null,
        null,
        null,
        1,
        2,
        2,
        1,
        null,
        1,
        null,
        null,
        null,
        null,
        null,
        1,
        4,
        4,
        4,
        null,
        null,
        null,
        null,
        1,
        3,
        3,
        6,
        3,
        null,
        null,
        null,
        1,
        null,
        1,
        26,
        null,
        null,
        null,
        1,
        6,
        null,
        null,
        1,
        6,
        3,
        null,
        null
      ],
      "/home/kipsu/Coding/tunnit/app/controllers/users_controller.rb": [
        1,
        1,
        1,
        null,
        null,
        null,
        1,
        73,
        73,
        null,
        null,
        null,
        1,
        5,
        null,
        null,
        null,
        1,
        null,
        null,
        null,
        null,
        1,
        5,
        null,
        5,
        5,
        2,
        2,
        2,
        null,
        3,
        null,
        null,
        null,
        null,
        null,
        null,
        1,
        2,
        2,
        1,
        null,
        1,
        null,
        null,
        null,
        null,
        null,
        null,
        1,
        2,
        2,
        4,
        2,
        null,
        null,
        null,
        1,
        null,
        1,
        79,
        null,
        null,
        null,
        1,
        7,
        null,
        null,
        1,
        6,
        3,
        null,
        null
      ],
      "/home/kipsu/Coding/tunnit/app/models/event.rb": [
        1,
        1,
        null,
        1,
        1,
        null,
        1,
        4,
        null,
        null
      ],
      "/home/kipsu/Coding/tunnit/app/models/project.rb": [
        1,
        1,
        1,
        1,
        null,
        1,
        1,
        null,
        1,
        4,
        null,
        null
      ],
      "/home/kipsu/Coding/tunnit/app/models/team.rb": [
        1,
        1,
        72,
        1,
        1,
        null,
        1,
        null,
        1,
        10,
        null,
        null,
        1,
        2,
        null,
        null
      ],
      "/home/kipsu/Coding/tunnit/app/models/team_request.rb": [
        1,
        1,
        1,
        1,
        null,
        74,
        74,
        null,
        1,
        1,
        null,
        1,
        2,
        2,
        2,
        null,
        null,
        1,
        2,
        2,
        null,
        null,
        1,
        2,
        null,
        null,
        1,
        1,
        4,
        4,
        null,
        null
      ],
      "/home/kipsu/Coding/tunnit/app/validators/no_overlapping_requests.rb": [
        1,
        1,
        25,
        25,
        2,
        2,
        2,
        null,
        null,
        23,
        18,
        1,
        null,
        null,
        23,
        1,
        null,
        null,
        null,
        null,
        1,
        1,
        2,
        null,
        null
      ],
      "/home/kipsu/Coding/tunnit/app/models/user.rb": [
        1,
        1,
        545,
        168,
        20,
        1,
        1,
        null,
        1,
        null,
        1,
        null,
        null,
        1,
        1,
        null,
        1,
        11,
        null,
        null,
        1,
        73,
        73,
        73,
        76,
        73,
        null,
        null,
        1,
        1,
        73,
        3,
        6,
        null,
        5,
        10,
        null,
        73,
        null,
        null
      ],
      "/home/kipsu/Coding/tunnit/app/models/user_team.rb": [
        1,
        1,
        1,
        null
      ]
    },
    "timestamp": 1428231407
  }
}
